# JRE version: OpenJDK Runtime Environment Temurin-17.0.4.1+1 (17.0.4.1+1) (build 17.0.4.1+1)
# Java VM: OpenJDK 64-Bit Server VM Temurin-17.0.4.1+1 (17.0.4.1+1, mixed mode, tiered, compressed oops, compressed class ptrs, parallel gc, windows-amd64)
GC Precious Log:
 CPUs: 12 total, 12 available
 Memory: 7541M
 Large Page Support: Disabled
 NUMA Support: Disabled
 Compressed Oops: Enabled (32-bit)
 Alignments: Space 512K, Generation 512K, Heap 2M
 Heap Min Capacity: 100M
 Heap Initial Capacity: 100M
 Heap Max Capacity: 1G
 Pre-touch: Disabled
 Parallel Workers: 10
Heap:
 PSYoungGen      total 27136K, used 13061K [0x00000000eab00000, 0x00000000ed680000, 0x0000000100000000)
  eden space 22016K, 36% used [0x00000000eab00000,0x00000000eb2c4be8,0x00000000ec080000)
  from space 5120K, 99% used [0x00000000ec200000,0x00000000ec6fcb00,0x00000000ec700000)
  to   space 11264K, 0% used [0x00000000ecb80000,0x00000000ecb80000,0x00000000ed680000)
 ParOldGen       total 68608K, used 52912K [0x00000000c0000000, 0x00000000c4300000, 0x00000000eab00000)
  object space 68608K, 77% used [0x00000000c0000000,0x00000000c33ac208,0x00000000c4300000)
 Metaspace       used 63532K, committed 64448K, reserved 1114112K
  class space    used 6692K, committed 7104K, reserved 1048576K
GC Heap History (20 events):
Event: 33.473 GC heap before
{Heap before GC invocations=27 (full 2):
 PSYoungGen      total 23040K, used 22986K [0x00000000eab00000, 0x00000000ec380000, 0x0000000100000000)
  eden space 22016K, 99% used [0x00000000eab00000,0x00000000ec072a00,0x00000000ec080000)
  from space 1024K, 100% used [0x00000000ec280000,0x00000000ec380000,0x00000000ec380000)
  to   space 1536K, 0% used [0x00000000ec080000,0x00000000ec080000,0x00000000ec200000)
 ParOldGen       total 68608K, used 33687K [0x00000000c0000000, 0x00000000c4300000, 0x00000000eab00000)
  object space 68608K, 49% used [0x00000000c0000000,0x00000000c20e5fb0,0x00000000c4300000)
 Metaspace       used 57478K, committed 58368K, reserved 1105920K
  class space    used 6247K, committed 6592K, reserved 1048576K
}
Event: 33.477 GC heap after
{Heap after GC invocations=27 (full 2):
 PSYoungGen      total 23552K, used 1536K [0x00000000eab00000, 0x00000000ec780000, 0x0000000100000000)
  eden space 22016K, 0% used [0x00000000eab00000,0x00000000eab00000,0x00000000ec080000)
  from space 1536K, 100% used [0x00000000ec080000,0x00000000ec200000,0x00000000ec200000)
  to   space 3584K, 0% used [0x00000000ec400000,0x00000000ec400000,0x00000000ec780000)
 ParOldGen       total 68608K, used 35149K [0x00000000c0000000, 0x00000000c4300000, 0x00000000eab00000)
  object space 68608K, 51% used [0x00000000c0000000,0x00000000c2253538,0x00000000c4300000)
 Metaspace       used 57478K, committed 58368K, reserved 1105920K
  class space    used 6247K, committed 6592K, reserved 1048576K
}
Event: 33.752 GC heap before
{Heap before GC invocations=28 (full 2):
 PSYoungGen      total 23552K, used 10238K [0x00000000eab00000, 0x00000000ec780000, 0x0000000100000000)
  eden space 22016K, 39% used [0x00000000eab00000,0x00000000eb37f840,0x00000000ec080000)
  from space 1536K, 100% used [0x00000000ec080000,0x00000000ec200000,0x00000000ec200000)
  to   space 3584K, 0% used [0x00000000ec400000,0x00000000ec400000,0x00000000ec780000)
 ParOldGen       total 68608K, used 35149K [0x00000000c0000000, 0x00000000c4300000, 0x00000000eab00000)
  object space 68608K, 51% used [0x00000000c0000000,0x00000000c2253538,0x00000000c4300000)
 Metaspace       used 58907K, committed 59776K, reserved 1105920K
  class space    used 6388K, committed 6784K, reserved 1048576K
}
Event: 33.757 GC heap after
{Heap after GC invocations=28 (full 2):
 PSYoungGen      total 23552K, used 1136K [0x00000000eab00000, 0x00000000ec580000, 0x0000000100000000)
  eden space 22016K, 0% used [0x00000000eab00000,0x00000000eab00000,0x00000000ec080000)
  from space 1536K, 73% used [0x00000000ec400000,0x00000000ec51c010,0x00000000ec580000)
  to   space 2048K, 0% used [0x00000000ec180000,0x00000000ec180000,0x00000000ec380000)
 ParOldGen       total 68608K, used 36698K [0x00000000c0000000, 0x00000000c4300000, 0x00000000eab00000)
  object space 68608K, 53% used [0x00000000c0000000,0x00000000c23d6bb0,0x00000000c4300000)
 Metaspace       used 58907K, committed 59776K, reserved 1105920K
  class space    used 6388K, committed 6784K, reserved 1048576K
}
Event: 33.757 GC heap before
{Heap before GC invocations=29 (full 3):
 PSYoungGen      total 23552K, used 1136K [0x00000000eab00000, 0x00000000ec580000, 0x0000000100000000)
  eden space 22016K, 0% used [0x00000000eab00000,0x00000000eab00000,0x00000000ec080000)
  from space 1536K, 73% used [0x00000000ec400000,0x00000000ec51c010,0x00000000ec580000)
  to   space 2048K, 0% used [0x00000000ec180000,0x00000000ec180000,0x00000000ec380000)
 ParOldGen       total 68608K, used 36698K [0x00000000c0000000, 0x00000000c4300000, 0x00000000eab00000)
  object space 68608K, 53% used [0x00000000c0000000,0x00000000c23d6bb0,0x00000000c4300000)
 Metaspace       used 58907K, committed 59776K, reserved 1105920K
  class space    used 6388K, committed 6784K, reserved 1048576K
}
Event: 33.831 GC heap after
{Heap after GC invocations=29 (full 3):
 PSYoungGen      total 23552K, used 0K [0x00000000eab00000, 0x00000000ec580000, 0x0000000100000000)
  eden space 22016K, 0% used [0x00000000eab00000,0x00000000eab00000,0x00000000ec080000)
  from space 1536K, 0% used [0x00000000ec400000,0x00000000ec400000,0x00000000ec580000)
  to   space 2048K, 0% used [0x00000000ec180000,0x00000000ec180000,0x00000000ec380000)
 ParOldGen       total 68608K, used 33192K [0x00000000c0000000, 0x00000000c4300000, 0x00000000eab00000)
  object space 68608K, 48% used [0x00000000c0000000,0x00000000c206a388,0x00000000c4300000)
 Metaspace       used 58907K, committed 59776K, reserved 1105920K
  class space    used 6388K, committed 6784K, reserved 1048576K
}
Event: 34.404 GC heap before
{Heap before GC invocations=30 (full 3):
 PSYoungGen      total 23552K, used 22016K [0x00000000eab00000, 0x00000000ec580000, 0x0000000100000000)
  eden space 22016K, 100% used [0x00000000eab00000,0x00000000ec080000,0x00000000ec080000)
  from space 1536K, 0% used [0x00000000ec400000,0x00000000ec400000,0x00000000ec580000)
  to   space 2048K, 0% used [0x00000000ec180000,0x00000000ec180000,0x00000000ec380000)
 ParOldGen       total 68608K, used 33192K [0x00000000c0000000, 0x00000000c4300000, 0x00000000eab00000)
  object space 68608K, 48% used [0x00000000c0000000,0x00000000c206a388,0x00000000c4300000)
 Metaspace       used 61006K, committed 61952K, reserved 1105920K
  class space    used 6584K, committed 6976K, reserved 1048576K
}
Event: 34.407 GC heap after
{Heap after GC invocations=30 (full 3):
 PSYoungGen      total 24064K, used 2029K [0x00000000eab00000, 0x00000000ec580000, 0x0000000100000000)
  eden space 22016K, 0% used [0x00000000eab00000,0x00000000eab00000,0x00000000ec080000)
  from space 2048K, 99% used [0x00000000ec180000,0x00000000ec37b700,0x00000000ec380000)
  to   space 2048K, 0% used [0x00000000ec380000,0x00000000ec380000,0x00000000ec580000)
 ParOldGen       total 68608K, used 33326K [0x00000000c0000000, 0x00000000c4300000, 0x00000000eab00000)
  object space 68608K, 48% used [0x00000000c0000000,0x00000000c208bb20,0x00000000c4300000)
 Metaspace       used 61006K, committed 61952K, reserved 1105920K
  class space    used 6584K, committed 6976K, reserved 1048576K
}
Event: 34.958 GC heap before
{Heap before GC invocations=31 (full 3):
 PSYoungGen      total 24064K, used 24045K [0x00000000eab00000, 0x00000000ec580000, 0x0000000100000000)
  eden space 22016K, 100% used [0x00000000eab00000,0x00000000ec080000,0x00000000ec080000)
  from space 2048K, 99% used [0x00000000ec180000,0x00000000ec37b700,0x00000000ec380000)
  to   space 2048K, 0% used [0x00000000ec380000,0x00000000ec380000,0x00000000ec580000)
 ParOldGen       total 68608K, used 33326K [0x00000000c0000000, 0x00000000c4300000, 0x00000000eab00000)
  object space 68608K, 48% used [0x00000000c0000000,0x00000000c208bb20,0x00000000c4300000)
 Metaspace       used 62035K, committed 62976K, reserved 1105920K
  class space    used 6642K, committed 7040K, reserved 1048576K
}
Event: 34.961 GC heap after
{Heap after GC invocations=31 (full 3):
 PSYoungGen      total 24064K, used 1968K [0x00000000eab00000, 0x00000000ec580000, 0x0000000100000000)
  eden space 22016K, 0% used [0x00000000eab00000,0x00000000eab00000,0x00000000ec080000)
  from space 2048K, 96% used [0x00000000ec380000,0x00000000ec56c010,0x00000000ec580000)
  to   space 2048K, 0% used [0x00000000ec180000,0x00000000ec180000,0x00000000ec380000)
 ParOldGen       total 68608K, used 35380K [0x00000000c0000000, 0x00000000c4300000, 0x00000000eab00000)
  object space 68608K, 51% used [0x00000000c0000000,0x00000000c228d158,0x00000000c4300000)
 Metaspace       used 62035K, committed 62976K, reserved 1105920K
  class space    used 6642K, committed 7040K, reserved 1048576K
}
Event: 35.723 GC heap before
{Heap before GC invocations=32 (full 3):
 PSYoungGen      total 24064K, used 23984K [0x00000000eab00000, 0x00000000ec580000, 0x0000000100000000)
  eden space 22016K, 100% used [0x00000000eab00000,0x00000000ec080000,0x00000000ec080000)
  from space 2048K, 96% used [0x00000000ec380000,0x00000000ec56c010,0x00000000ec580000)
  to   space 2048K, 0% used [0x00000000ec180000,0x00000000ec180000,0x00000000ec380000)
 ParOldGen       total 68608K, used 35380K [0x00000000c0000000, 0x00000000c4300000, 0x00000000eab00000)
  object space 68608K, 51% used [0x00000000c0000000,0x00000000c228d158,0x00000000c4300000)
 Metaspace       used 62960K, committed 64000K, reserved 1114112K
  class space    used 6677K, committed 7104K, reserved 1048576K
}
Event: 35.730 GC heap after
{Heap after GC invocations=32 (full 3):
 PSYoungGen      total 24064K, used 2037K [0x00000000eab00000, 0x00000000ecf80000, 0x0000000100000000)
  eden space 22016K, 0% used [0x00000000eab00000,0x00000000eab00000,0x00000000ec080000)
  from space 2048K, 99% used [0x00000000ec180000,0x00000000ec37d770,0x00000000ec380000)
  to   space 7680K, 0% used [0x00000000ec800000,0x00000000ec800000,0x00000000ecf80000)
 ParOldGen       total 68608K, used 39914K [0x00000000c0000000, 0x00000000c4300000, 0x00000000eab00000)
  object space 68608K, 58% used [0x00000000c0000000,0x00000000c26faab0,0x00000000c4300000)
 Metaspace       used 62960K, committed 64000K, reserved 1114112K
  class space    used 6677K, committed 7104K, reserved 1048576K
}
Event: 36.068 GC heap before
{Heap before GC invocations=33 (full 3):
 PSYoungGen      total 24064K, used 24053K [0x00000000eab00000, 0x00000000ecf80000, 0x0000000100000000)
  eden space 22016K, 100% used [0x00000000eab00000,0x00000000ec080000,0x00000000ec080000)
  from space 2048K, 99% used [0x00000000ec180000,0x00000000ec37d770,0x00000000ec380000)
  to   space 7680K, 0% used [0x00000000ec800000,0x00000000ec800000,0x00000000ecf80000)
 ParOldGen       total 68608K, used 39914K [0x00000000c0000000, 0x00000000c4300000, 0x00000000eab00000)
  object space 68608K, 58% used [0x00000000c0000000,0x00000000c26faab0,0x00000000c4300000)
 Metaspace       used 63229K, committed 64192K, reserved 1114112K
  class space    used 6679K, committed 7104K, reserved 1048576K
}
Event: 36.073 GC heap after
{Heap after GC invocations=33 (full 3):
 PSYoungGen      total 22528K, used 512K [0x00000000eab00000, 0x00000000ec880000, 0x0000000100000000)
  eden space 22016K, 0% used [0x00000000eab00000,0x00000000eab00000,0x00000000ec080000)
  from space 512K, 100% used [0x00000000ec800000,0x00000000ec880000,0x00000000ec880000)
  to   space 3072K, 0% used [0x00000000ec280000,0x00000000ec280000,0x00000000ec580000)
 ParOldGen       total 68608K, used 41837K [0x00000000c0000000, 0x00000000c4300000, 0x00000000eab00000)
  object space 68608K, 60% used [0x00000000c0000000,0x00000000c28db640,0x00000000c4300000)
 Metaspace       used 63229K, committed 64192K, reserved 1114112K
  class space    used 6679K, committed 7104K, reserved 1048576K
}
Event: 36.136 GC heap before
{Heap before GC invocations=34 (full 3):
 PSYoungGen      total 22528K, used 22528K [0x00000000eab00000, 0x00000000ec880000, 0x0000000100000000)
  eden space 22016K, 100% used [0x00000000eab00000,0x00000000ec080000,0x00000000ec080000)
  from space 512K, 100% used [0x00000000ec800000,0x00000000ec880000,0x00000000ec880000)
  to   space 3072K, 0% used [0x00000000ec280000,0x00000000ec280000,0x00000000ec580000)
 ParOldGen       total 68608K, used 41837K [0x00000000c0000000, 0x00000000c4300000, 0x00000000eab00000)
  object space 68608K, 60% used [0x00000000c0000000,0x00000000c28db640,0x00000000c4300000)
 Metaspace       used 63244K, committed 64192K, reserved 1114112K
  class space    used 6680K, committed 7104K, reserved 1048576K
}
Event: 36.142 GC heap after
{Heap after GC invocations=34 (full 3):
 PSYoungGen      total 25088K, used 3067K [0x00000000eab00000, 0x00000000ecf80000, 0x0000000100000000)
  eden space 22016K, 0% used [0x00000000eab00000,0x00000000eab00000,0x00000000ec080000)
  from space 3072K, 99% used [0x00000000ec280000,0x00000000ec57ed70,0x00000000ec580000)
  to   space 7680K, 0% used [0x00000000ec800000,0x00000000ec800000,0x00000000ecf80000)
 ParOldGen       total 68608K, used 44970K [0x00000000c0000000, 0x00000000c4300000, 0x00000000eab00000)
  object space 68608K, 65% used [0x00000000c0000000,0x00000000c2beab78,0x00000000c4300000)
 Metaspace       used 63244K, committed 64192K, reserved 1114112K
  class space    used 6680K, committed 7104K, reserved 1048576K
}
Event: 36.222 GC heap before
{Heap before GC invocations=35 (full 3):
 PSYoungGen      total 25088K, used 25058K [0x00000000eab00000, 0x00000000ecf80000, 0x0000000100000000)
  eden space 22016K, 99% used [0x00000000eab00000,0x00000000ec079bb8,0x00000000ec080000)
  from space 3072K, 99% used [0x00000000ec280000,0x00000000ec57ed70,0x00000000ec580000)
  to   space 7680K, 0% used [0x00000000ec800000,0x00000000ec800000,0x00000000ecf80000)
 ParOldGen       total 68608K, used 44970K [0x00000000c0000000, 0x00000000c4300000, 0x00000000eab00000)
  object space 68608K, 65% used [0x00000000c0000000,0x00000000c2beab78,0x00000000c4300000)
 Metaspace       used 63260K, committed 64256K, reserved 1114112K
  class space    used 6680K, committed 7104K, reserved 1048576K
}
Event: 36.229 GC heap after
{Heap after GC invocations=35 (full 3):
 PSYoungGen      total 26112K, used 3824K [0x00000000eab00000, 0x00000000ecc00000, 0x0000000100000000)
  eden space 22016K, 0% used [0x00000000eab00000,0x00000000eab00000,0x00000000ec080000)
  from space 4096K, 93% used [0x00000000ec800000,0x00000000ecbbc000,0x00000000ecc00000)
  to   space 5120K, 0% used [0x00000000ec200000,0x00000000ec200000,0x00000000ec700000)
 ParOldGen       total 68608K, used 48006K [0x00000000c0000000, 0x00000000c4300000, 0x00000000eab00000)
  object space 68608K, 69% used [0x00000000c0000000,0x00000000c2ee18e8,0x00000000c4300000)
 Metaspace       used 63260K, committed 64256K, reserved 1114112K
  class space    used 6680K, committed 7104K, reserved 1048576K
}
Event: 36.377 GC heap before
{Heap before GC invocations=36 (full 3):
 PSYoungGen      total 26112K, used 25840K [0x00000000eab00000, 0x00000000ecc00000, 0x0000000100000000)
  eden space 22016K, 100% used [0x00000000eab00000,0x00000000ec080000,0x00000000ec080000)
  from space 4096K, 93% used [0x00000000ec800000,0x00000000ecbbc000,0x00000000ecc00000)
  to   space 5120K, 0% used [0x00000000ec200000,0x00000000ec200000,0x00000000ec700000)
 ParOldGen       total 68608K, used 48006K [0x00000000c0000000, 0x00000000c4300000, 0x00000000eab00000)
  object space 68608K, 69% used [0x00000000c0000000,0x00000000c2ee18e8,0x00000000c4300000)
 Metaspace       used 63366K, committed 64320K, reserved 1114112K
  class space    used 6682K, committed 7104K, reserved 1048576K
}
Event: 36.387 GC heap after
{Heap after GC invocations=36 (full 3):
 PSYoungGen      total 27136K, used 5106K [0x00000000eab00000, 0x00000000ed680000, 0x0000000100000000)
  eden space 22016K, 0% used [0x00000000eab00000,0x00000000eab00000,0x00000000ec080000)
  from space 5120K, 99% used [0x00000000ec200000,0x00000000ec6fcb00,0x00000000ec700000)
  to   space 11264K, 0% used [0x00000000ecb80000,0x00000000ecb80000,0x00000000ed680000)
 ParOldGen       total 68608K, used 52912K [0x00000000c0000000, 0x00000000c4300000, 0x00000000eab00000)
  object space 68608K, 77% used [0x00000000c0000000,0x00000000c33ac208,0x00000000c4300000)
 Metaspace       used 63366K, committed 64320K, reserved 1114112K
  class space    used 6682K, committed 7104K, reserved 1048576K
}

